ISim log file
Running: X:\Desktop\Snake_EC551\Snake_EC551\TOP_tb_isim_beh.exe -intstyle ise -gui -tclbatch isim.cmd -wdb X:/Desktop/Snake_EC551/Snake_EC551/TOP_tb_isim_beh.wdb 
ISim P.28xd (signature 0xa0883be4)
WARNING: A WEBPACK license was found.
WARNING: Please use Xilinx License Configuration Manager to check out a full ISim license.
WARNING: ISim will run in Lite mode. Please refer to the ISim documentation for more information on the differences between the Lite and the Full version.
This is a Lite version of ISim.
WARNING: File "//ad/eng/users/y/z/yzsu/Desktop/BinaryTo7seg/Example.v" Line 28.  For instance uut3/uut1/, width 16 of formal port BCDcode is not equal to width 1 of actual signal BCDcode_L.
WARNING: File "//ad/eng/users/y/z/yzsu/Desktop/BinaryTo7seg/Example.v" Line 28.  For instance uut3/uut2/, width 16 of formal port in16bits is not equal to width 1 of actual signal BCDcode_L.
WARNING: File "//ad/eng/users/y/z/yzsu/Desktop/BinaryTo7seg/Example.v" Line 29.  For instance uut3/uut2/, width 4 of formal port digit is not equal to width 1 of actual signal digit_L.
WARNING: File "//ad/eng/users/y/z/yzsu/Desktop/BinaryTo7seg/Example.v" Line 29.  For instance uut3/uut3/, width 4 of formal port digit is not equal to width 1 of actual signal digit_L.
Time resolution is 1 ps
# onerror resume
# wave add /
# run 1000 ns
Simulator is doing circuit initialization process.
Finished circuit initialization process.
ISim P.28xd (signature 0xa0883be4)
WARNING: A WEBPACK license was found.
WARNING: Please use Xilinx License Configuration Manager to check out a full ISim license.
WARNING: ISim will run in Lite mode. Please refer to the ISim documentation for more information on the differences between the Lite and the Full version.
This is a Lite version of ISim.
# run 1000 ns
Simulator is doing circuit initialization process.
Finished circuit initialization process.
ISim P.28xd (signature 0xa0883be4)
WARNING: A WEBPACK license was found.
WARNING: Please use Xilinx License Configuration Manager to check out a full ISim license.
WARNING: ISim will run in Lite mode. Please refer to the ISim documentation for more information on the differences between the Lite and the Full version.
This is a Lite version of ISim.
# run 1000 ns
Simulator is doing circuit initialization process.
Finished circuit initialization process.
# run all
Stopped at time : 113408230 ns : File "//ad/eng/users/y/z/yzsu/Desktop/Snake_EC551/Snake_EC551/Snake_TOP.v" Line 198
