Release 14.2 Map P.28xd (nt64)
Xilinx Mapping Report File for Design 'Snake_TOP'

Design Information
------------------
Command Line   : map -intstyle ise -p xc6slx16-csg324-3 -w -logic_opt off -ol
high -t 1 -xt 0 -register_duplication off -r 4 -global_opt off -mt off -ir off
-pr off -lc off -power off -o Snake_TOP_map.ncd Snake_TOP.ngd Snake_TOP.pcf 
Target Device  : xc6slx16
Target Package : csg324
Target Speed   : -3
Mapper Version : spartan6 -- $Revision: 1.55 $
Mapped Date    : Mon Apr 30 20:11:53 2018

Design Summary
--------------
Number of errors:      0
Number of warnings:    1
Slice Logic Utilization:
  Number of Slice Registers:                 1,291 out of  18,224    7%
    Number used as Flip Flops:               1,287
    Number used as Latches:                      4
    Number used as Latch-thrus:                  0
    Number used as AND/OR logics:                0
  Number of Slice LUTs:                      3,274 out of   9,112   35%
    Number used as logic:                    3,269 out of   9,112   35%
      Number using O6 output only:           1,094
      Number using O5 output only:              55
      Number using O5 and O6:                2,120
      Number used as ROM:                        0
    Number used as Memory:                       0 out of   2,176    0%
    Number used exclusively as route-thrus:      5
      Number with same-slice register load:      1
      Number with same-slice carry load:         4
      Number with other load:                    0

Slice Logic Distribution:
  Number of occupied Slices:                 1,299 out of   2,278   57%
  Nummber of MUXCYs used:                    2,188 out of   4,556   48%
  Number of LUT Flip Flop pairs used:        3,371
    Number with an unused Flip Flop:         2,511 out of   3,371   74%
    Number with an unused LUT:                  97 out of   3,371    2%
    Number of fully used LUT-FF pairs:         763 out of   3,371   22%
    Number of unique control sets:              42
    Number of slice register sites lost
      to control set restrictions:             213 out of  18,224    1%

  A LUT Flip Flop pair for this architecture represents one LUT paired with
  one Flip Flop within a slice.  A control set is a unique combination of
  clock, reset, set, and enable signals for a registered element.
  The Slice Logic Distribution report is not meaningful if the design is
  over-mapped for a non-slice resource or if Placement fails.

IO Utilization:
  Number of bonded IOBs:                        35 out of     232   15%
    Number of LOCed IOBs:                       35 out of      35  100%

Specific Feature Utilization:
  Number of RAMB16BWERs:                         0 out of      32    0%
  Number of RAMB8BWERs:                          0 out of      64    0%
  Number of BUFIO2/BUFIO2_2CLKs:                 0 out of      32    0%
  Number of BUFIO2FB/BUFIO2FB_2CLKs:             0 out of      32    0%
  Number of BUFG/BUFGMUXs:                       5 out of      16   31%
    Number used as BUFGs:                        5
    Number used as BUFGMUX:                      0
  Number of DCM/DCM_CLKGENs:                     0 out of       4    0%
  Number of ILOGIC2/ISERDES2s:                   0 out of     248    0%
  Number of IODELAY2/IODRP2/IODRP2_MCBs:         0 out of     248    0%
  Number of OLOGIC2/OSERDES2s:                   0 out of     248    0%
  Number of BSCANs:                              0 out of       4    0%
  Number of BUFHs:                               0 out of     128    0%
  Number of BUFPLLs:                             0 out of       8    0%
  Number of BUFPLL_MCBs:                         0 out of       4    0%
  Number of DSP48A1s:                            1 out of      32    3%
  Number of ICAPs:                               0 out of       1    0%
  Number of MCBs:                                0 out of       2    0%
  Number of PCILOGICSEs:                         0 out of       2    0%
  Number of PLL_ADVs:                            0 out of       2    0%
  Number of PMVs:                                0 out of       1    0%
  Number of STARTUPs:                            0 out of       1    0%
  Number of SUSPEND_SYNCs:                       0 out of       1    0%

Average Fanout of Non-Clock Nets:                3.98

Peak Memory Usage:  406 MB
Total REAL time to MAP completion:  26 secs 
Total CPU time to MAP completion:   24 secs 

Table of Contents
-----------------
Section 1 - Errors
Section 2 - Warnings
Section 3 - Informational
Section 4 - Removed Logic Summary
Section 5 - Removed Logic
Section 6 - IOB Properties
Section 7 - RPMs
Section 8 - Guide Report
Section 9 - Area Group and Partition Summary
Section 10 - Timing Report
Section 11 - Configuration String Information
Section 12 - Control Set Information
Section 13 - Utilization by Hierarchy

Section 1 - Errors
------------------

Section 2 - Warnings
--------------------
WARNING:PhysDesignRules:372 - Gated clock. Clock net uut3/uut2/_n0017 is sourced
   by a combinatorial pin. This is not good design practice. Use the CE pin to
   control the loading of data into the flip-flop.

Section 3 - Informational
-------------------------
INFO:MapLib:562 - No environment variables are currently set.
INFO:LIT:244 - All of the single ended outputs in this design are using slew
   rate limited output drivers. The delay on speed critical single ended outputs
   can be dramatically reduced by designating them as fast outputs.
INFO:Pack:1716 - Initializing temperature to 85.000 Celsius. (default - Range:
   0.000 to 85.000 Celsius)
INFO:Pack:1720 - Initializing voltage to 1.140 Volts. (default - Range: 1.140 to
   1.260 Volts)
INFO:Map:215 - The Interim Design Summary has been generated in the MAP Report
   (.mrp).
INFO:Pack:1650 - Map created a placed design.

Section 4 - Removed Logic Summary
---------------------------------
  14 block(s) removed
   2 block(s) optimized away
  14 signal(s) removed

Section 5 - Removed Logic
-------------------------

The trimmed logic reported below is either:
   1. part of a cycle
   2. part of disabled logic
   3. a side-effect of other trimmed logic

The signal "BUS_0069_PWR_1_o_mod_518/a[16]_GND_19_o_add_33_OUT<4>" is unused and
has been removed.
 Unused block
"BUS_0069_PWR_1_o_mod_518/Madd_a[16]_GND_19_o_add_33_OUT_Madd_xor<4>" (XOR)
removed.
  The signal "Madd_n3231_xor<4>11" is unused and has been removed.
   Unused block "Madd_n3231_xor<4>111" (ROM) removed.
The signal "BUS_0065_PWR_1_o_mod_512/a[16]_GND_19_o_add_33_OUT<8>" is unused and
has been removed.
 Unused block
"BUS_0065_PWR_1_o_mod_512/Madd_a[16]_GND_19_o_add_33_OUT_Madd_xor<8>" (XOR)
removed.
  The signal "BUS_0065_PWR_1_o_mod_512/Madd_a[16]_GND_19_o_add_33_OUT_Madd_cy<7>"
is unused and has been removed.
   Unused block
"BUS_0065_PWR_1_o_mod_512/Madd_a[16]_GND_19_o_add_33_OUT_Madd_cy<7>" (MUX)
removed.
    The signal "BUS_0065_PWR_1_o_mod_512/Madd_a[16]_GND_19_o_add_33_OUT_Madd_cy<6>"
is unused and has been removed.
     Unused block
"BUS_0065_PWR_1_o_mod_512/Madd_a[16]_GND_19_o_add_33_OUT_Madd_cy<6>" (MUX)
removed.
      The signal "BUS_0065_PWR_1_o_mod_512/Madd_a[16]_GND_19_o_add_33_OUT_Madd_cy<5>"
is unused and has been removed.
       Unused block
"BUS_0065_PWR_1_o_mod_512/Madd_a[16]_GND_19_o_add_33_OUT_Madd_cy<5>" (MUX)
removed.
        The signal "Madd_n3229_xor<5>11" is unused and has been removed.
         Unused block "Madd_n3229_xor<5>111" (ROM) removed.
      The signal "BUS_0065_PWR_1_o_mod_512/Mmux_a[0]_a[16]_MUX_888_o161" is unused and
has been removed.
       Unused block "BUS_0065_PWR_1_o_mod_512/Mmux_a[0]_a[16]_MUX_888_o1611" (ROM)
removed.
    The signal "BUS_0065_PWR_1_o_mod_512/Madd_a[16]_GND_19_o_add_33_OUT_Madd_lut<7>"
is unused and has been removed.
     Unused block
"BUS_0065_PWR_1_o_mod_512/Madd_a[16]_GND_19_o_add_33_OUT_Madd_lut<7>" (ROM)
removed.
  The signal "BUS_0065_PWR_1_o_mod_512/Madd_a[16]_GND_19_o_add_33_OUT_Madd_lut<8>"
is unused and has been removed.
   Unused block
"BUS_0065_PWR_1_o_mod_512/Madd_a[16]_GND_19_o_add_33_OUT_Madd_lut<8>" (ROM)
removed.
The signal "BUS_0071_PWR_1_o_mod_521/a[16]_GND_19_o_add_33_OUT<4>" is unused and
has been removed.
 Unused block
"BUS_0071_PWR_1_o_mod_521/Madd_a[16]_GND_19_o_add_33_OUT_Madd_xor<4>" (XOR)
removed.
  The signal "Madd_n3232_xor<4>11" is unused and has been removed.
   Unused block "Madd_n3232_xor<4>111" (ROM) removed.
The signal "BUS_0067_PWR_1_o_mod_515/a[16]_GND_20_o_add_33_OUT<3>" is unused and
has been removed.
 Unused block "BUS_0067_PWR_1_o_mod_515/Madd_a[16]_GND_20_o_add_33_OUT_xor<3>"
(XOR) removed.
  The signal "BUS_0067_PWR_1_o_mod_515/Madd_a[16]_GND_20_o_add_33_OUT_lut<3>" is
unused and has been removed.
   Unused block "BUS_0067_PWR_1_o_mod_515/Madd_a[16]_GND_20_o_add_33_OUT_lut<3>"
(ROM) removed.

Optimized Block(s):
TYPE 		BLOCK
GND 		XST_GND
VCC 		XST_VCC

To enable printing of redundant blocks removed and signals merged, set the
detailed map report option and rerun map.

Section 6 - IOB Properties
--------------------------

+---------------------------------------------------------------------------------------------------------------------------------------------------------+
| IOB Name                           | Type             | Direction | IO Standard          | Diff  | Drive    | Slew | Reg (s)      | Resistor | IOB      |
|                                    |                  |           |                      | Term  | Strength | Rate |              |          | Delay    |
+---------------------------------------------------------------------------------------------------------------------------------------------------------+
| B0                                 | IOB              | OUTPUT    | LVCMOS25             |       | 12       | SLOW |              |          |          |
| B1                                 | IOB              | OUTPUT    | LVCMOS25             |       | 12       | SLOW |              |          |          |
| CLK                                | IOB              | INPUT     | LVCMOS25             |       |          |      |              | PULLUP   |          |
| G0                                 | IOB              | OUTPUT    | LVCMOS25             |       | 12       | SLOW |              |          |          |
| G1                                 | IOB              | OUTPUT    | LVCMOS25             |       | 12       | SLOW |              |          |          |
| G2                                 | IOB              | OUTPUT    | LVCMOS25             |       | 12       | SLOW |              |          |          |
| HS_L                               | IOB              | OUTPUT    | LVCMOS25             |       | 12       | SLOW |              |          |          |
| R0                                 | IOB              | OUTPUT    | LVCMOS25             |       | 12       | SLOW |              |          |          |
| R1                                 | IOB              | OUTPUT    | LVCMOS25             |       | 12       | SLOW |              |          |          |
| R2                                 | IOB              | OUTPUT    | LVCMOS25             |       | 12       | SLOW |              |          |          |
| VS_L                               | IOB              | OUTPUT    | LVCMOS25             |       | 12       | SLOW |              |          |          |
| clk                                | IOB              | INPUT     | LVCMOS25             |       |          |      |              |          |          |
| data                               | IOB              | INPUT     | LVCMOS25             |       |          |      |              | PULLUP   |          |
| led<0>                             | IOB              | OUTPUT    | LVCMOS25             |       | 12       | SLOW |              |          |          |
| led<1>                             | IOB              | OUTPUT    | LVCMOS25             |       | 12       | SLOW |              |          |          |
| led<2>                             | IOB              | OUTPUT    | LVCMOS25             |       | 12       | SLOW |              |          |          |
| led<3>                             | IOB              | OUTPUT    | LVCMOS25             |       | 12       | SLOW |              |          |          |
| led<4>                             | IOB              | OUTPUT    | LVCMOS25             |       | 12       | SLOW |              |          |          |
| led<5>                             | IOB              | OUTPUT    | LVCMOS25             |       | 12       | SLOW |              |          |          |
| led<6>                             | IOB              | OUTPUT    | LVCMOS25             |       | 12       | SLOW |              |          |          |
| led<7>                             | IOB              | OUTPUT    | LVCMOS25             |       | 12       | SLOW |              |          |          |
| rst                                | IOB              | INPUT     | LVCMOS25             |       |          |      |              |          |          |
| s_L<0>                             | IOB              | OUTPUT    | LVCMOS25             |       | 12       | SLOW |              |          |          |
| s_L<1>                             | IOB              | OUTPUT    | LVCMOS25             |       | 12       | SLOW |              |          |          |
| s_L<2>                             | IOB              | OUTPUT    | LVCMOS25             |       | 12       | SLOW |              |          |          |
| s_L<3>                             | IOB              | OUTPUT    | LVCMOS25             |       | 12       | SLOW |              |          |          |
| seg_L<0>                           | IOB              | OUTPUT    | LVCMOS25             |       | 12       | SLOW |              |          |          |
| seg_L<1>                           | IOB              | OUTPUT    | LVCMOS25             |       | 12       | SLOW |              |          |          |
| seg_L<2>                           | IOB              | OUTPUT    | LVCMOS25             |       | 12       | SLOW |              |          |          |
| seg_L<3>                           | IOB              | OUTPUT    | LVCMOS25             |       | 12       | SLOW |              |          |          |
| seg_L<4>                           | IOB              | OUTPUT    | LVCMOS25             |       | 12       | SLOW |              |          |          |
| seg_L<5>                           | IOB              | OUTPUT    | LVCMOS25             |       | 12       | SLOW |              |          |          |
| seg_L<6>                           | IOB              | OUTPUT    | LVCMOS25             |       | 12       | SLOW |              |          |          |
| seg_L<7>                           | IOB              | OUTPUT    | LVCMOS25             |       | 12       | SLOW |              |          |          |
| switch                             | IOB              | INPUT     | LVCMOS25             |       |          |      |              |          |          |
+---------------------------------------------------------------------------------------------------------------------------------------------------------+

Section 7 - RPMs
----------------

Section 8 - Guide Report
------------------------
Guide not run on this design.

Section 9 - Area Group and Partition Summary
--------------------------------------------

Partition Implementation Status
-------------------------------

  No Partitions were found in this design.

-------------------------------

Area Group Information
----------------------

  No area groups were found in this design.

----------------------

Section 10 - Timing Report
--------------------------
A logic-level (pre-route) timing report can be generated by using Xilinx static
timing analysis tools, Timing Analyzer (GUI) or TRCE (command line), with the
mapped NCD and PCF files. Please note that this timing report will be generated
using estimated delay information. For accurate numbers, please generate a
timing report with the post Place and Route NCD file.

For more information about the Timing Analyzer, consult the Xilinx Timing
Analyzer Reference Manual; for more information about TRCE, consult the Xilinx
Command Line Tools User Guide "TRACE" chapter.

Section 11 - Configuration String Details
-----------------------------------------
Use the "-detail" map option to print out Configuration Strings

Section 12 - Control Set Information
------------------------------------
Use the "-detail" map option to print out Control Set Information.

Section 13 - Utilization by Hierarchy
-------------------------------------
Use the "-detail" map option to print out the Utilization by Hierarchy section.
